<?xml version="1.0" encoding="UTF-8"?>
<!-- Generated by org.testng.reporters.JUnitReportReporter -->
<testsuite hostname="OUROBOROS" failures="0" tests="1" name="com.herokuapp.theinternet.PositiveTests" time="6.237" errors="0" timestamp="2024-01-31T11:18:21 EST" skipped="0">
  <testcase classname="com.herokuapp.theinternet.PositiveTests" name="loginTest" time="6.237"/>
  <system-out/>
</testsuite> <!-- com.herokuapp.theinternet.PositiveTests -->
