<?xml version="1.0" encoding="UTF-8"?>
<!-- Generated by org.testng.reporters.JUnitReportReporter -->
<testsuite hostname="OUROBOROS" failures="0" tests="1" name="com.herokuapp.theinternet.PositiveTests" time="6.385" errors="0" timestamp="2024-01-30T22:09:54 EST" skipped="0">
  <testcase classname="com.herokuapp.theinternet.PositiveTests" name="loginTest" time="6.385"/>
  <system-out/>
</testsuite> <!-- com.herokuapp.theinternet.PositiveTests -->
